5	0000	COPY   START  0
10	0000	FIRST  STL    RETADR     	17202D
15	0003	       LDB    #LENGTH    	69202D
20		       BASE   LENGTH
25	0006	CLOOP  +JSUB  RDREC      	4B101036
30	000A	       LDA    LENGTH     	032026
35	000D	       COMP   #0         	290000
40	0010	       JEQ    ENDFIL     	332007
45	0013	       +JSUB  WRREC      	4B10105D
50	0017	       J      CLOOP      	3F2FEC
55	001A	ENDFIL LDA    EOF        	032010
60	001D	       STA    BUFFER     	0F2016
65	0020	       LDA    #3         	010003
70	0023	       STA    LENGTH     	0F200D
75	0026	       +JSUB  WRREC      	4B10105D
80	002A	       J      @RETADR    	3E2003
85	002D	EOF    BYTE   C'EOF'     	454F46
90	0030	RETADR RESW   1
95	0033	LENGTH RESW   1
100	0036	BUFFER RESB   4096
105	1036	RDREC  CLEAR  X          	B410
110	1038	       CLEAR  A          	B400
115	103A	       CLEAR  S          	B440
120	103C	       +LDT   #4096      	75101000
125	1040	RLOOP  TD     INPUT      	E32019
130	1043	       JEQ    RLOOP      	332FFA
135	1046	       RD     INPUT      	DB2013
140	1049	       COMPR  A, S       	A004
145	104B	       JEQ    EXIT       	332008
150	104E	       STCH   BUFFER, X  	57C003
155	1051	       TIXR   T          	B850
160	1053	       JLT    RLOOP      	3B2FEA
165	1056	EXIT   STX    LENGTH     	134000
170	1059	       RSUB              	4F0000
175	105C	INPUT  BYTE   X'F1'      	F1
180	105D	WRREC  CLEAR  X          	B410
185	105F	       LDT    LENGTH     	774000
190	1062	WLOOP  TD     OUTPUT     	E32011
195	1065	       JEQ    WLOOP      	332FFA
200	1068	       LDCH   BUFFER, X  	53C003
205	106B	       WD     OUTPUT     	DF2008
210	106E	       TIXR   T          	B850
215	1070	       JLT    WLOOP      	3B2FEF
220	1073	       RSUB              	4F0000
225	1076	OUTPUT BYTE   X'05'      	05
230		       END    FIRST
